{"C:\\Users\\User\\OneDrive\\Desktop\\Jest\\procurement-back-host\\funForTest\\db.js": {"path":"C:\\Users\\User\\OneDrive\\Desktop\\Jest\\procurement-back-host\\funForTest\\db.js","statementMap":{"0":{"start":{"line":1,"column":0},"end":{"line":5,"column":2}},"1":{"start":{"line":2,"column":2},"end":{"line":2,"column":30}},"2":{"start":{"line":4,"column":2},"end":{"line":4,"column":32}}},"fnMap":{"0":{"name":"(anonymous_0)","decl":{"start":{"line":1,"column":29},"end":{"line":1,"column":30}},"loc":{"start":{"line":1,"column":43},"end":{"line":5,"column":1}},"line":1}},"branchMap":{},"s":{"0":1,"1":0,"2":0},"f":{"0":0},"b":{},"_coverageSchema":"1a1c01bbd47fc00a2c39e90264f33305004495a9","hash":"dfc4ffbde2c10b91d36b28fca995323a55c4dc9d"}
,"C:\\Users\\User\\OneDrive\\Desktop\\Jest\\procurement-back-host\\funForTest\\exercise1.js": {"path":"C:\\Users\\User\\OneDrive\\Desktop\\Jest\\procurement-back-host\\funForTest\\exercise1.js","statementMap":{"0":{"start":{"line":1,"column":0},"end":{"line":11,"column":2}},"1":{"start":{"line":2,"column":2},"end":{"line":2,"column":77}},"2":{"start":{"line":2,"column":33},"end":{"line":2,"column":77}},"3":{"start":{"line":4,"column":2},"end":{"line":4,"column":60}},"4":{"start":{"line":4,"column":42},"end":{"line":4,"column":60}},"5":{"start":{"line":6,"column":2},"end":{"line":6,"column":37}},"6":{"start":{"line":6,"column":23},"end":{"line":6,"column":37}},"7":{"start":{"line":8,"column":2},"end":{"line":8,"column":37}},"8":{"start":{"line":8,"column":23},"end":{"line":8,"column":37}},"9":{"start":{"line":10,"column":2},"end":{"line":10,"column":15}}},"fnMap":{"0":{"name":"fizzBuzz","decl":{"start":{"line":1,"column":26},"end":{"line":1,"column":34}},"loc":{"start":{"line":1,"column":42},"end":{"line":11,"column":1}},"line":1}},"branchMap":{"0":{"loc":{"start":{"line":2,"column":2},"end":{"line":2,"column":77}},"type":"if","locations":[{"start":{"line":2,"column":2},"end":{"line":2,"column":77}},{"start":{"line":2,"column":2},"end":{"line":2,"column":77}}],"line":2},"1":{"loc":{"start":{"line":4,"column":2},"end":{"line":4,"column":60}},"type":"if","locations":[{"start":{"line":4,"column":2},"end":{"line":4,"column":60}},{"start":{"line":4,"column":2},"end":{"line":4,"column":60}}],"line":4},"2":{"loc":{"start":{"line":4,"column":6},"end":{"line":4,"column":40}},"type":"binary-expr","locations":[{"start":{"line":4,"column":6},"end":{"line":4,"column":21}},{"start":{"line":4,"column":25},"end":{"line":4,"column":40}}],"line":4},"3":{"loc":{"start":{"line":6,"column":2},"end":{"line":6,"column":37}},"type":"if","locations":[{"start":{"line":6,"column":2},"end":{"line":6,"column":37}},{"start":{"line":6,"column":2},"end":{"line":6,"column":37}}],"line":6},"4":{"loc":{"start":{"line":8,"column":2},"end":{"line":8,"column":37}},"type":"if","locations":[{"start":{"line":8,"column":2},"end":{"line":8,"column":37}},{"start":{"line":8,"column":2},"end":{"line":8,"column":37}}],"line":8}},"s":{"0":1,"1":9,"2":5,"3":4,"4":1,"5":3,"6":1,"7":2,"8":1,"9":1},"f":{"0":9},"b":{"0":[5,4],"1":[1,3],"2":[4,2],"3":[1,2],"4":[1,1]},"_coverageSchema":"1a1c01bbd47fc00a2c39e90264f33305004495a9","hash":"4cd7a952cb7fc1cfe252ba1c5141972b2542b672"}
,"C:\\Users\\User\\OneDrive\\Desktop\\Jest\\procurement-back-host\\funForTest\\first.js": {"path":"C:\\Users\\User\\OneDrive\\Desktop\\Jest\\procurement-back-host\\funForTest\\first.js","statementMap":{"0":{"start":{"line":1,"column":0},"end":{"line":5,"column":2}},"1":{"start":{"line":2,"column":2},"end":{"line":2,"column":26}},"2":{"start":{"line":2,"column":15},"end":{"line":2,"column":26}},"3":{"start":{"line":3,"column":2},"end":{"line":3,"column":27}},"4":{"start":{"line":3,"column":15},"end":{"line":3,"column":27}},"5":{"start":{"line":4,"column":2},"end":{"line":4,"column":11}},"6":{"start":{"line":7,"column":0},"end":{"line":9,"column":2}},"7":{"start":{"line":8,"column":2},"end":{"line":8,"column":26}},"8":{"start":{"line":11,"column":0},"end":{"line":13,"column":2}},"9":{"start":{"line":12,"column":2},"end":{"line":12,"column":33}},"10":{"start":{"line":15,"column":0},"end":{"line":18,"column":2}},"11":{"start":{"line":16,"column":16},"end":{"line":16,"column":23}},"12":{"start":{"line":17,"column":2},"end":{"line":17,"column":23}},"13":{"start":{"line":20,"column":0},"end":{"line":24,"column":2}},"14":{"start":{"line":21,"column":2},"end":{"line":21,"column":49}},"15":{"start":{"line":21,"column":13},"end":{"line":21,"column":49}},"16":{"start":{"line":23,"column":2},"end":{"line":23,"column":44}}},"fnMap":{"0":{"name":"(anonymous_0)","decl":{"start":{"line":1,"column":26},"end":{"line":1,"column":27}},"loc":{"start":{"line":1,"column":41},"end":{"line":5,"column":1}},"line":1},"1":{"name":"(anonymous_1)","decl":{"start":{"line":7,"column":27},"end":{"line":7,"column":28}},"loc":{"start":{"line":7,"column":42},"end":{"line":9,"column":1}},"line":7},"2":{"name":"(anonymous_2)","decl":{"start":{"line":11,"column":26},"end":{"line":11,"column":27}},"loc":{"start":{"line":11,"column":38},"end":{"line":13,"column":1}},"line":11},"3":{"name":"(anonymous_3)","decl":{"start":{"line":15,"column":24},"end":{"line":15,"column":25}},"loc":{"start":{"line":15,"column":38},"end":{"line":18,"column":1}},"line":15},"4":{"name":"(anonymous_4)","decl":{"start":{"line":20,"column":27},"end":{"line":20,"column":28}},"loc":{"start":{"line":20,"column":43},"end":{"line":24,"column":1}},"line":20}},"branchMap":{"0":{"loc":{"start":{"line":2,"column":2},"end":{"line":2,"column":26}},"type":"if","locations":[{"start":{"line":2,"column":2},"end":{"line":2,"column":26}},{"start":{"line":2,"column":2},"end":{"line":2,"column":26}}],"line":2},"1":{"loc":{"start":{"line":3,"column":2},"end":{"line":3,"column":27}},"type":"if","locations":[{"start":{"line":3,"column":2},"end":{"line":3,"column":27}},{"start":{"line":3,"column":2},"end":{"line":3,"column":27}}],"line":3},"2":{"loc":{"start":{"line":21,"column":2},"end":{"line":21,"column":49}},"type":"if","locations":[{"start":{"line":21,"column":2},"end":{"line":21,"column":49}},{"start":{"line":21,"column":2},"end":{"line":21,"column":49}}],"line":21}},"s":{"0":1,"1":3,"2":1,"3":2,"4":1,"5":1,"6":1,"7":1,"8":1,"9":1,"10":1,"11":1,"12":1,"13":1,"14":7,"15":6,"16":1},"f":{"0":3,"1":1,"2":1,"3":1,"4":7},"b":{"0":[1,2],"1":[1,1],"2":[6,1]},"_coverageSchema":"1a1c01bbd47fc00a2c39e90264f33305004495a9","hash":"f25c5e59334d2795b80142735c8d5f5b2f4f3306"}
,"C:\\Users\\User\\OneDrive\\Desktop\\Jest\\procurement-back-host\\funForTest\\mockFun.js": {"path":"C:\\Users\\User\\OneDrive\\Desktop\\Jest\\procurement-back-host\\funForTest\\mockFun.js","statementMap":{"0":{"start":{"line":1,"column":11},"end":{"line":1,"column":26}},"1":{"start":{"line":3,"column":0},"end":{"line":7,"column":2}},"2":{"start":{"line":4,"column":19},"end":{"line":4,"column":46}},"3":{"start":{"line":6,"column":2},"end":{"line":6,"column":47}},"4":{"start":{"line":6,"column":28},"end":{"line":6,"column":47}}},"fnMap":{"0":{"name":"(anonymous_0)","decl":{"start":{"line":3,"column":31},"end":{"line":3,"column":32}},"loc":{"start":{"line":3,"column":48},"end":{"line":7,"column":1}},"line":3}},"branchMap":{"0":{"loc":{"start":{"line":6,"column":2},"end":{"line":6,"column":47}},"type":"if","locations":[{"start":{"line":6,"column":2},"end":{"line":6,"column":47}},{"start":{"line":6,"column":2},"end":{"line":6,"column":47}}],"line":6}},"s":{"0":1,"1":1,"2":1,"3":1,"4":1},"f":{"0":1},"b":{"0":[1,0]},"_coverageSchema":"1a1c01bbd47fc00a2c39e90264f33305004495a9","hash":"96c0e3dc0119864448ecfa507186660dd617e132"}
,"C:\\Users\\User\\OneDrive\\Desktop\\Jest\\procurement-back-host\\middleware\\authMiddleware.js": {"path":"C:\\Users\\User\\OneDrive\\Desktop\\Jest\\procurement-back-host\\middleware\\authMiddleware.js","statementMap":{"0":{"start":{"line":1,"column":12},"end":{"line":1,"column":35}},"1":{"start":{"line":3,"column":0},"end":{"line":18,"column":2}},"2":{"start":{"line":4,"column":16},"end":{"line":4,"column":42}},"3":{"start":{"line":6,"column":2},"end":{"line":7,"column":75}},"4":{"start":{"line":7,"column":4},"end":{"line":7,"column":75}},"5":{"start":{"line":9,"column":2},"end":{"line":17,"column":3}},"6":{"start":{"line":10,"column":20},"end":{"line":10,"column":54}},"7":{"start":{"line":12,"column":4},"end":{"line":12,"column":23}},"8":{"start":{"line":14,"column":4},"end":{"line":14,"column":11}},"9":{"start":{"line":16,"column":4},"end":{"line":16,"column":43}}},"fnMap":{"0":{"name":"(anonymous_0)","decl":{"start":{"line":3,"column":17},"end":{"line":3,"column":18}},"loc":{"start":{"line":3,"column":43},"end":{"line":18,"column":1}},"line":3}},"branchMap":{"0":{"loc":{"start":{"line":6,"column":2},"end":{"line":7,"column":75}},"type":"if","locations":[{"start":{"line":6,"column":2},"end":{"line":7,"column":75}},{"start":{"line":6,"column":2},"end":{"line":7,"column":75}}],"line":6}},"s":{"0":1,"1":1,"2":0,"3":0,"4":0,"5":0,"6":0,"7":0,"8":0,"9":0},"f":{"0":0},"b":{"0":[0,0]},"_coverageSchema":"1a1c01bbd47fc00a2c39e90264f33305004495a9","hash":"83c49b0269fe8d32209be8f34fe3ca2808746708"}
}
