TN:
SF:funForTest\db.js
FN:1,(anonymous_0)
FNF:1
FNH:0
FNDA:0,(anonymous_0)
DA:1,1
DA:2,0
DA:4,0
LF:3
LH:1
BRF:0
BRH:0
end_of_record
TN:
SF:funForTest\exercise1.js
FN:1,fizzBuzz
FNF:1
FNH:1
FNDA:9,fizzBuzz
DA:1,1
DA:2,9
DA:4,4
DA:6,3
DA:8,2
DA:10,1
LF:6
LH:6
BRDA:2,0,0,5
BRDA:2,0,1,4
BRDA:4,1,0,1
BRDA:4,1,1,3
BRDA:4,2,0,4
BRDA:4,2,1,2
BRDA:6,3,0,1
BRDA:6,3,1,2
BRDA:8,4,0,1
BRDA:8,4,1,1
BRF:10
BRH:10
end_of_record
TN:
SF:funForTest\first.js
FN:1,(anonymous_0)
FN:7,(anonymous_1)
FN:11,(anonymous_2)
FN:15,(anonymous_3)
FN:20,(anonymous_4)
FNF:5
FNH:5
FNDA:3,(anonymous_0)
FNDA:1,(anonymous_1)
FNDA:1,(anonymous_2)
FNDA:1,(anonymous_3)
FNDA:7,(anonymous_4)
DA:1,1
DA:2,3
DA:3,2
DA:4,1
DA:7,1
DA:8,1
DA:11,1
DA:12,1
DA:15,1
DA:16,1
DA:17,1
DA:20,1
DA:21,7
DA:23,1
LF:14
LH:14
BRDA:2,0,0,1
BRDA:2,0,1,2
BRDA:3,1,0,1
BRDA:3,1,1,1
BRDA:21,2,0,6
BRDA:21,2,1,1
BRF:6
BRH:6
end_of_record
TN:
SF:funForTest\mockFun.js
FN:3,(anonymous_0)
FNF:1
FNH:1
FNDA:1,(anonymous_0)
DA:1,1
DA:3,1
DA:4,1
DA:6,1
LF:4
LH:4
BRDA:6,0,0,1
BRDA:6,0,1,0
BRF:2
BRH:1
end_of_record
TN:
SF:middleware\authMiddleware.js
FN:3,(anonymous_0)
FNF:1
FNH:0
FNDA:0,(anonymous_0)
DA:1,1
DA:3,1
DA:4,0
DA:6,0
DA:7,0
DA:9,0
DA:10,0
DA:12,0
DA:14,0
DA:16,0
LF:10
LH:2
BRDA:6,0,0,0
BRDA:6,0,1,0
BRF:2
BRH:0
end_of_record
